{"__type":"$$EventMessageAudit","id":"0f85d826-4fdf-4cce-865a-cf9ae2454933","ts":"2025-11-15T23:06:42.180+00:00","eventName":"n8n.audit.user.credentials.created","message":"n8n.audit.user.credentials.created","payload":{"userId":"cbfcca48-a35a-4183-b07b-184bcb26bed0","_email":"sudhar5219@gmail.com","_firstName":"Sudharshan","_lastName":"S","globalRole":"global:owner","credentialType":"postgres","credentialId":"GbiDwKz2XI4zyYUN","publicApi":false,"projectId":"jI4sntNG5jS6LFQp","projectType":"personal","uiContext":"workflow_list"}}
{"__type":"$$EventMessageConfirm","confirm":"0f85d826-4fdf-4cce-865a-cf9ae2454933","ts":"2025-11-15T23:06:42.184+00:00","source":{"id":"0","name":"eventBus"}}
{"__type":"$$EventMessageAudit","id":"e9f80790-e040-4bf1-aa24-cebc517c42f7","ts":"2025-11-15T23:19:42.213+00:00","eventName":"n8n.audit.user.credentials.created","message":"n8n.audit.user.credentials.created","payload":{"userId":"cbfcca48-a35a-4183-b07b-184bcb26bed0","_email":"sudhar5219@gmail.com","_firstName":"Sudharshan","_lastName":"S","globalRole":"global:owner","credentialType":"googleSheetsOAuth2Api","credentialId":"wlt7dvKtZz6bovNh","publicApi":false,"projectId":"jI4sntNG5jS6LFQp","projectType":"personal"}}
{"__type":"$$EventMessageConfirm","confirm":"e9f80790-e040-4bf1-aa24-cebc517c42f7","ts":"2025-11-15T23:19:42.213+00:00","source":{"id":"0","name":"eventBus"}}
{"__type":"$$EventMessageAudit","id":"87257e43-9bc0-42e5-a76b-1870ed011dfa","ts":"2025-11-15T23:20:11.165+00:00","eventName":"n8n.audit.user.credentials.updated","message":"n8n.audit.user.credentials.updated","payload":{"userId":"cbfcca48-a35a-4183-b07b-184bcb26bed0","_email":"sudhar5219@gmail.com","_firstName":"Sudharshan","_lastName":"S","globalRole":"global:owner","credentialType":"googleSheetsOAuth2Api","credentialId":"wlt7dvKtZz6bovNh"}}
{"__type":"$$EventMessageConfirm","confirm":"87257e43-9bc0-42e5-a76b-1870ed011dfa","ts":"2025-11-15T23:20:11.167+00:00","source":{"id":"0","name":"eventBus"}}
{"__type":"$$EventMessageAudit","id":"a9cb615b-448c-407a-97c0-d61d847f607c","ts":"2025-11-15T23:21:12.751+00:00","eventName":"n8n.audit.workflow.created","message":"n8n.audit.workflow.created","payload":{"userId":"cbfcca48-a35a-4183-b07b-184bcb26bed0","_email":"sudhar5219@gmail.com","_firstName":"Sudharshan","_lastName":"S","globalRole":"global:owner","workflowId":"T40dAiJpvDnV0mwY","workflowName":"Sheets → Neon: Calls Sync"}}
{"__type":"$$EventMessageConfirm","confirm":"a9cb615b-448c-407a-97c0-d61d847f607c","ts":"2025-11-15T23:21:12.752+00:00","source":{"id":"0","name":"eventBus"}}
{"__type":"$$EventMessageWorkflow","id":"cc77fa42-f2fb-4804-a134-64c352f2646c","ts":"2025-11-15T23:21:13.305+00:00","eventName":"n8n.workflow.started","message":"n8n.workflow.started","payload":{"executionId":"1","workflowId":"T40dAiJpvDnV0mwY","isManual":false,"workflowName":"Sheets → Neon: Calls Sync"}}
{"__type":"$$EventMessageConfirm","confirm":"cc77fa42-f2fb-4804-a134-64c352f2646c","ts":"2025-11-15T23:21:13.306+00:00","source":{"id":"0","name":"eventBus"}}
{"__type":"$$EventMessageNode","id":"36e9cb79-8631-4092-8e7b-f6446ca0b571","ts":"2025-11-15T23:21:13.310+00:00","eventName":"n8n.node.started","message":"n8n.node.started","payload":{"workflowId":"T40dAiJpvDnV0mwY","workflowName":"Sheets → Neon: Calls Sync","executionId":"1","nodeType":"n8n-nodes-base.manualTrigger","nodeName":"When clicking ‘Execute workflow’","nodeId":"6ef6f24d-2efa-4d31-be3e-5790f6b4a88b"}}
{"__type":"$$EventMessageConfirm","confirm":"36e9cb79-8631-4092-8e7b-f6446ca0b571","ts":"2025-11-15T23:21:13.310+00:00","source":{"id":"0","name":"eventBus"}}
{"__type":"$$EventMessageNode","id":"29323aa4-011c-4726-a2d2-ef8543bef02f","ts":"2025-11-15T23:21:13.316+00:00","eventName":"n8n.node.finished","message":"n8n.node.finished","payload":{"workflowId":"T40dAiJpvDnV0mwY","workflowName":"Sheets → Neon: Calls Sync","executionId":"1","nodeType":"n8n-nodes-base.manualTrigger","nodeName":"When clicking ‘Execute workflow’","nodeId":"6ef6f24d-2efa-4d31-be3e-5790f6b4a88b"}}
{"__type":"$$EventMessageConfirm","confirm":"29323aa4-011c-4726-a2d2-ef8543bef02f","ts":"2025-11-15T23:21:13.316+00:00","source":{"id":"0","name":"eventBus"}}
{"__type":"$$EventMessageNode","id":"c7199f57-74a4-4cf9-a0c7-d17b9c698008","ts":"2025-11-15T23:21:13.318+00:00","eventName":"n8n.node.started","message":"n8n.node.started","payload":{"workflowId":"T40dAiJpvDnV0mwY","workflowName":"Sheets → Neon: Calls Sync","executionId":"1","nodeType":"n8n-nodes-base.googleSheets","nodeName":"Get row(s) in sheet","nodeId":"3d6b8b93-d73b-40a3-883b-8f2b533f2a7e"}}
{"__type":"$$EventMessageConfirm","confirm":"c7199f57-74a4-4cf9-a0c7-d17b9c698008","ts":"2025-11-15T23:21:13.318+00:00","source":{"id":"0","name":"eventBus"}}
{"__type":"$$EventMessageNode","id":"5447fb22-8a6a-4393-9489-b6d796408473","ts":"2025-11-15T23:21:13.679+00:00","eventName":"n8n.node.finished","message":"n8n.node.finished","payload":{"workflowId":"T40dAiJpvDnV0mwY","workflowName":"Sheets → Neon: Calls Sync","executionId":"1","nodeType":"n8n-nodes-base.googleSheets","nodeName":"Get row(s) in sheet","nodeId":"3d6b8b93-d73b-40a3-883b-8f2b533f2a7e"}}
{"__type":"$$EventMessageConfirm","confirm":"5447fb22-8a6a-4393-9489-b6d796408473","ts":"2025-11-15T23:21:13.681+00:00","source":{"id":"0","name":"eventBus"}}
{"__type":"$$EventMessageWorkflow","id":"255fa737-70a0-4e21-adfc-c16f50a37ed1","ts":"2025-11-15T23:21:13.793+00:00","eventName":"n8n.workflow.failed","message":"n8n.workflow.failed","payload":{"userId":"cbfcca48-a35a-4183-b07b-184bcb26bed0","executionId":"1","success":false,"isManual":true,"workflowId":"T40dAiJpvDnV0mwY","workflowName":"Sheets → Neon: Calls Sync","lastNodeExecuted":"Get row(s) in sheet","errorNodeType":"n8n-nodes-base.googleSheets","errorMessage":"Unable to sign without access token"}}
{"__type":"$$EventMessageConfirm","confirm":"255fa737-70a0-4e21-adfc-c16f50a37ed1","ts":"2025-11-15T23:21:13.794+00:00","source":{"id":"0","name":"eventBus"}}
{"__type":"$$EventMessageAudit","id":"be1fb89c-4537-4a7d-b615-5f3846294d92","ts":"2025-11-15T23:23:44.911+00:00","eventName":"n8n.audit.user.credentials.updated","message":"n8n.audit.user.credentials.updated","payload":{"userId":"cbfcca48-a35a-4183-b07b-184bcb26bed0","_email":"sudhar5219@gmail.com","_firstName":"Sudharshan","_lastName":"S","globalRole":"global:owner","credentialType":"googleSheetsOAuth2Api","credentialId":"wlt7dvKtZz6bovNh"}}
{"__type":"$$EventMessageConfirm","confirm":"be1fb89c-4537-4a7d-b615-5f3846294d92","ts":"2025-11-15T23:23:44.916+00:00","source":{"id":"0","name":"eventBus"}}
